{"C:\\Users\\lauta\\OneDrive\\Escritorio\\metodologia-sistemas-2\\src\\frontend\\src\\App.css": {"path":"C:\\Users\\lauta\\OneDrive\\Escritorio\\metodologia-sistemas-2\\src\\frontend\\src\\App.css","statementMap":{},"fnMap":{},"branchMap":{},"s":{},"f":{},"b":{},"meta":{"lastBranch":0,"lastFunction":0,"lastStatement":0,"seen":{}}}
,"C:\\Users\\lauta\\OneDrive\\Escritorio\\metodologia-sistemas-2\\src\\frontend\\src\\App.tsx": {"path":"C:\\Users\\lauta\\OneDrive\\Escritorio\\metodologia-sistemas-2\\src\\frontend\\src\\App.tsx","statementMap":{"0":{"start":{"line":10,"column":26},"end":{"line":10,"column":null}},"1":{"start":{"line":13,"column":2},"end":{"line":19,"column":null}},"2":{"start":{"line":14,"column":4},"end":{"line":17,"column":null}},"3":{"start":{"line":21,"column":2},"end":{"line":50,"column":null}}},"fnMap":{"0":{"name":"App","decl":{"start":{"line":9,"column":9},"end":{"line":9,"column":15}},"loc":{"start":{"line":9,"column":15},"end":{"line":52,"column":null}},"line":9}},"branchMap":{"0":{"loc":{"start":{"line":13,"column":2},"end":{"line":19,"column":null}},"type":"if","locations":[{"start":{"line":13,"column":2},"end":{"line":19,"column":null}},{"start":{},"end":{}}],"line":13},"1":{"loc":{"start":{"line":27,"column":19},"end":{"line":27,"column":null}},"type":"cond-expr","locations":[{"start":{"line":27,"column":26},"end":{"line":27,"column":56}},{"start":{"line":27,"column":56},"end":{"line":27,"column":null}}],"line":27},"2":{"loc":{"start":{"line":31,"column":19},"end":{"line":31,"column":null}},"type":"cond-expr","locations":[{"start":{"line":31,"column":26},"end":{"line":31,"column":56}},{"start":{"line":31,"column":56},"end":{"line":31,"column":null}}],"line":31},"3":{"loc":{"start":{"line":37,"column":19},"end":{"line":37,"column":null}},"type":"cond-expr","locations":[{"start":{"line":37,"column":26},"end":{"line":37,"column":41}},{"start":{"line":37,"column":41},"end":{"line":37,"column":null}}],"line":37},"4":{"loc":{"start":{"line":41,"column":19},"end":{"line":41,"column":null}},"type":"cond-expr","locations":[{"start":{"line":41,"column":26},"end":{"line":41,"column":50}},{"start":{"line":41,"column":50},"end":{"line":41,"column":null}}],"line":41},"5":{"loc":{"start":{"line":47,"column":33},"end":{"line":47,"column":56}},"type":"cond-expr","locations":[{"start":{"line":47,"column":40},"end":{"line":47,"column":46}},{"start":{"line":47,"column":46},"end":{"line":47,"column":56}}],"line":47}},"s":{"0":10,"1":10,"2":1,"3":9},"f":{"0":10},"b":{"0":[1,9],"1":[6,3],"2":[6,3],"3":[6,3],"4":[6,3],"5":[6,3]},"meta":{"lastBranch":6,"lastFunction":1,"lastStatement":4,"seen":{"f:9:9:9:15":0,"s:10:26:10:Infinity":0,"b:13:2:19:Infinity:undefined:undefined:undefined:undefined":0,"s:13:2:19:Infinity":1,"s:14:4:17:Infinity":2,"s:21:2:50:Infinity":3,"b:27:26:27:56:27:56:27:Infinity":1,"b:31:26:31:56:31:56:31:Infinity":2,"b:37:26:37:41:37:41:37:Infinity":3,"b:41:26:41:50:41:50:41:Infinity":4,"b:47:40:47:46:47:46:47:56":5}}}
,"C:\\Users\\lauta\\OneDrive\\Escritorio\\metodologia-sistemas-2\\src\\frontend\\src\\context\\AuthContext.tsx": {"path":"C:\\Users\\lauta\\OneDrive\\Escritorio\\metodologia-sistemas-2\\src\\frontend\\src\\context\\AuthContext.tsx","statementMap":{"0":{"start":{"line":22,"column":6},"end":{"line":22,"column":null}},"1":{"start":{"line":26,"column":22},"end":{"line":26,"column":null}},"2":{"start":{"line":27,"column":24},"end":{"line":27,"column":null}},"3":{"start":{"line":28,"column":32},"end":{"line":28,"column":null}},"4":{"start":{"line":31,"column":2},"end":{"line":41,"column":null}},"5":{"start":{"line":32,"column":24},"end":{"line":32,"column":null}},"6":{"start":{"line":33,"column":23},"end":{"line":33,"column":null}},"7":{"start":{"line":35,"column":4},"end":{"line":38,"column":null}},"8":{"start":{"line":36,"column":6},"end":{"line":36,"column":null}},"9":{"start":{"line":37,"column":6},"end":{"line":37,"column":null}},"10":{"start":{"line":40,"column":4},"end":{"line":40,"column":null}},"11":{"start":{"line":44,"column":16},"end":{"line":78,"column":null}},"12":{"start":{"line":45,"column":4},"end":{"line":77,"column":null}},"13":{"start":{"line":47,"column":23},"end":{"line":50,"column":null}},"14":{"start":{"line":53,"column":28},"end":{"line":53,"column":null}},"15":{"start":{"line":57,"column":28},"end":{"line":57,"column":null}},"16":{"start":{"line":58,"column":29},"end":{"line":58,"column":null}},"17":{"start":{"line":61,"column":29},"end":{"line":65,"column":null}},"18":{"start":{"line":68,"column":6},"end":{"line":68,"column":null}},"19":{"start":{"line":69,"column":6},"end":{"line":69,"column":null}},"20":{"start":{"line":72,"column":6},"end":{"line":72,"column":null}},"21":{"start":{"line":73,"column":6},"end":{"line":73,"column":null}},"22":{"start":{"line":75,"column":6},"end":{"line":75,"column":null}},"23":{"start":{"line":76,"column":6},"end":{"line":76,"column":null}},"24":{"start":{"line":81,"column":19},"end":{"line":98,"column":null}},"25":{"start":{"line":82,"column":4},"end":{"line":97,"column":null}},"26":{"start":{"line":84,"column":6},"end":{"line":90,"column":null}},"27":{"start":{"line":93,"column":6},"end":{"line":93,"column":null}},"28":{"start":{"line":95,"column":6},"end":{"line":95,"column":null}},"29":{"start":{"line":96,"column":6},"end":{"line":96,"column":null}},"30":{"start":{"line":101,"column":17},"end":{"line":107,"column":null}},"31":{"start":{"line":103,"column":4},"end":{"line":103,"column":null}},"32":{"start":{"line":104,"column":4},"end":{"line":104,"column":null}},"33":{"start":{"line":105,"column":4},"end":{"line":105,"column":null}},"34":{"start":{"line":106,"column":4},"end":{"line":106,"column":null}},"35":{"start":{"line":110,"column":2},"end":{"line":113,"column":null}},"36":{"start":{"line":119,"column":8},"end":{"line":119,"column":null}},"37":{"start":{"line":121,"column":2},"end":{"line":123,"column":null}},"38":{"start":{"line":122,"column":4},"end":{"line":122,"column":null}},"39":{"start":{"line":125,"column":2},"end":{"line":125,"column":null}}},"fnMap":{"0":{"name":"AuthProvider","decl":{"start":{"line":25,"column":16},"end":{"line":25,"column":29}},"loc":{"start":{"line":25,"column":68},"end":{"line":115,"column":null}},"line":25},"1":{"name":"(anonymous_1)","decl":{"start":{"line":31,"column":12},"end":{"line":31,"column":18}},"loc":{"start":{"line":31,"column":18},"end":{"line":41,"column":5}},"line":31},"2":{"name":"(anonymous_2)","decl":{"start":{"line":44,"column":16},"end":{"line":44,"column":23}},"loc":{"start":{"line":44,"column":59},"end":{"line":78,"column":null}},"line":44},"3":{"name":"(anonymous_3)","decl":{"start":{"line":81,"column":19},"end":{"line":81,"column":26}},"loc":{"start":{"line":81,"column":117},"end":{"line":98,"column":null}},"line":81},"4":{"name":"(anonymous_4)","decl":{"start":{"line":101,"column":17},"end":{"line":101,"column":23}},"loc":{"start":{"line":101,"column":23},"end":{"line":107,"column":null}},"line":101},"5":{"name":"useAuth","decl":{"start":{"line":118,"column":16},"end":{"line":118,"column":26}},"loc":{"start":{"line":118,"column":26},"end":{"line":126,"column":null}},"line":118}},"branchMap":{"0":{"loc":{"start":{"line":35,"column":4},"end":{"line":38,"column":null}},"type":"if","locations":[{"start":{"line":35,"column":4},"end":{"line":38,"column":null}},{"start":{},"end":{}}],"line":35},"1":{"loc":{"start":{"line":35,"column":8},"end":{"line":35,"column":35}},"type":"binary-expr","locations":[{"start":{"line":35,"column":8},"end":{"line":35,"column":23}},{"start":{"line":35,"column":23},"end":{"line":35,"column":35}}],"line":35},"2":{"loc":{"start":{"line":76,"column":22},"end":{"line":76,"column":80}},"type":"binary-expr","locations":[{"start":{"line":76,"column":22},"end":{"line":76,"column":55}},{"start":{"line":76,"column":55},"end":{"line":76,"column":80}}],"line":76},"3":{"loc":{"start":{"line":96,"column":22},"end":{"line":96,"column":77}},"type":"binary-expr","locations":[{"start":{"line":96,"column":22},"end":{"line":96,"column":55}},{"start":{"line":96,"column":55},"end":{"line":96,"column":77}}],"line":96},"4":{"loc":{"start":{"line":121,"column":2},"end":{"line":123,"column":null}},"type":"if","locations":[{"start":{"line":121,"column":2},"end":{"line":123,"column":null}},{"start":{},"end":{}}],"line":121}},"s":{"0":1,"1":0,"2":0,"3":0,"4":0,"5":0,"6":0,"7":0,"8":0,"9":0,"10":0,"11":0,"12":0,"13":0,"14":0,"15":0,"16":0,"17":0,"18":0,"19":0,"20":0,"21":0,"22":0,"23":0,"24":0,"25":0,"26":0,"27":0,"28":0,"29":0,"30":0,"31":0,"32":0,"33":0,"34":0,"35":0,"36":0,"37":0,"38":0,"39":0},"f":{"0":0,"1":0,"2":0,"3":0,"4":0,"5":0},"b":{"0":[0,0],"1":[0,0],"2":[0,0],"3":[0,0],"4":[0,0]},"meta":{"lastBranch":5,"lastFunction":6,"lastStatement":40,"seen":{"s:22:6:22:Infinity":0,"f:25:16:25:29":0,"s:26:22:26:Infinity":1,"s:27:24:27:Infinity":2,"s:28:32:28:Infinity":3,"s:31:2:41:Infinity":4,"f:31:12:31:18":1,"s:32:24:32:Infinity":5,"s:33:23:33:Infinity":6,"b:35:4:38:Infinity:undefined:undefined:undefined:undefined":0,"s:35:4:38:Infinity":7,"b:35:8:35:23:35:23:35:35":1,"s:36:6:36:Infinity":8,"s:37:6:37:Infinity":9,"s:40:4:40:Infinity":10,"s:44:16:78:Infinity":11,"f:44:16:44:23":2,"s:45:4:77:Infinity":12,"s:47:23:50:Infinity":13,"s:53:28:53:Infinity":14,"s:57:28:57:Infinity":15,"s:58:29:58:Infinity":16,"s:61:29:65:Infinity":17,"s:68:6:68:Infinity":18,"s:69:6:69:Infinity":19,"s:72:6:72:Infinity":20,"s:73:6:73:Infinity":21,"s:75:6:75:Infinity":22,"s:76:6:76:Infinity":23,"b:76:22:76:55:76:55:76:80":2,"s:81:19:98:Infinity":24,"f:81:19:81:26":3,"s:82:4:97:Infinity":25,"s:84:6:90:Infinity":26,"s:93:6:93:Infinity":27,"s:95:6:95:Infinity":28,"s:96:6:96:Infinity":29,"b:96:22:96:55:96:55:96:77":3,"s:101:17:107:Infinity":30,"f:101:17:101:23":4,"s:103:4:103:Infinity":31,"s:104:4:104:Infinity":32,"s:105:4:105:Infinity":33,"s:106:4:106:Infinity":34,"s:110:2:113:Infinity":35,"f:118:16:118:26":5,"s:119:8:119:Infinity":36,"b:121:2:123:Infinity:undefined:undefined:undefined:undefined":4,"s:121:2:123:Infinity":37,"s:122:4:122:Infinity":38,"s:125:2:125:Infinity":39}}}
,"C:\\Users\\lauta\\OneDrive\\Escritorio\\metodologia-sistemas-2\\src\\frontend\\src\\pages\\HomePage.tsx": {"path":"C:\\Users\\lauta\\OneDrive\\Escritorio\\metodologia-sistemas-2\\src\\frontend\\src\\pages\\HomePage.tsx","statementMap":{"0":{"start":{"line":6,"column":23},"end":{"line":6,"column":null}},"1":{"start":{"line":8,"column":23},"end":{"line":12,"column":null}},"2":{"start":{"line":9,"column":4},"end":{"line":9,"column":null}},"3":{"start":{"line":14,"column":2},"end":{"line":79,"column":null}}},"fnMap":{"0":{"name":"HomePage","decl":{"start":{"line":5,"column":9},"end":{"line":5,"column":20}},"loc":{"start":{"line":5,"column":20},"end":{"line":81,"column":null}},"line":5},"1":{"name":"(anonymous_1)","decl":{"start":{"line":8,"column":23},"end":{"line":8,"column":29}},"loc":{"start":{"line":8,"column":29},"end":{"line":12,"column":null}},"line":8}},"branchMap":{"0":{"loc":{"start":{"line":43,"column":13},"end":{"line":66,"column":null}},"type":"cond-expr","locations":[{"start":{"line":44,"column":14},"end":{"line":54,"column":null}},{"start":{"line":56,"column":14},"end":{"line":66,"column":null}}],"line":43}},"s":{"0":6,"1":6,"2":1,"3":6},"f":{"0":6,"1":1},"b":{"0":[5,1]},"meta":{"lastBranch":1,"lastFunction":2,"lastStatement":4,"seen":{"f:5:9:5:20":0,"s:6:23:6:Infinity":0,"s:8:23:12:Infinity":1,"f:8:23:8:29":1,"s:9:4:9:Infinity":2,"s:14:2:79:Infinity":3,"b:44:14:54:Infinity:56:14:66:Infinity":0}}}
,"C:\\Users\\lauta\\OneDrive\\Escritorio\\metodologia-sistemas-2\\src\\frontend\\src\\pages\\LoginPage.tsx": {"path":"C:\\Users\\lauta\\OneDrive\\Escritorio\\metodologia-sistemas-2\\src\\frontend\\src\\pages\\LoginPage.tsx","statementMap":{"0":{"start":{"line":8,"column":24},"end":{"line":8,"column":null}},"1":{"start":{"line":9,"column":30},"end":{"line":9,"column":null}},"2":{"start":{"line":12,"column":24},"end":{"line":12,"column":null}},"3":{"start":{"line":13,"column":32},"end":{"line":13,"column":null}},"4":{"start":{"line":16,"column":8},"end":{"line":16,"column":null}},"5":{"start":{"line":19,"column":16},"end":{"line":19,"column":null}},"6":{"start":{"line":22,"column":23},"end":{"line":42,"column":null}},"7":{"start":{"line":23,"column":4},"end":{"line":23,"column":null}},"8":{"start":{"line":25,"column":4},"end":{"line":25,"column":null}},"9":{"start":{"line":26,"column":4},"end":{"line":26,"column":null}},"10":{"start":{"line":28,"column":4},"end":{"line":41,"column":null}},"11":{"start":{"line":30,"column":6},"end":{"line":30,"column":null}},"12":{"start":{"line":34,"column":6},"end":{"line":34,"column":null}},"13":{"start":{"line":37,"column":6},"end":{"line":37,"column":null}},"14":{"start":{"line":40,"column":6},"end":{"line":40,"column":null}},"15":{"start":{"line":44,"column":2},"end":{"line":100,"column":null}},"16":{"start":{"line":57,"column":31},"end":{"line":57,"column":null}},"17":{"start":{"line":71,"column":31},"end":{"line":71,"column":null}}},"fnMap":{"0":{"name":"LoginPage","decl":{"start":{"line":6,"column":9},"end":{"line":6,"column":21}},"loc":{"start":{"line":6,"column":21},"end":{"line":102,"column":null}},"line":6},"1":{"name":"(anonymous_1)","decl":{"start":{"line":22,"column":23},"end":{"line":22,"column":30}},"loc":{"start":{"line":22,"column":53},"end":{"line":42,"column":null}},"line":22},"2":{"name":"(anonymous_2)","decl":{"start":{"line":57,"column":24},"end":{"line":57,"column":25}},"loc":{"start":{"line":57,"column":31},"end":{"line":57,"column":null}},"line":57},"3":{"name":"(anonymous_3)","decl":{"start":{"line":71,"column":24},"end":{"line":71,"column":25}},"loc":{"start":{"line":71,"column":31},"end":{"line":71,"column":null}},"line":71}},"branchMap":{"0":{"loc":{"start":{"line":37,"column":15},"end":{"line":37,"column":55}},"type":"binary-expr","locations":[{"start":{"line":37,"column":15},"end":{"line":37,"column":30}},{"start":{"line":37,"column":30},"end":{"line":37,"column":55}}],"line":37},"1":{"loc":{"start":{"line":79,"column":11},"end":{"line":82,"column":null}},"type":"binary-expr","locations":[{"start":{"line":79,"column":11},"end":{"line":79,"column":null}},{"start":{"line":80,"column":12},"end":{"line":82,"column":null}}],"line":79},"2":{"loc":{"start":{"line":91,"column":13},"end":{"line":91,"column":null}},"type":"cond-expr","locations":[{"start":{"line":91,"column":25},"end":{"line":91,"column":49}},{"start":{"line":91,"column":49},"end":{"line":91,"column":null}}],"line":91}},"s":{"0":37,"1":37,"2":37,"3":37,"4":37,"5":37,"6":37,"7":6,"8":6,"9":6,"10":6,"11":6,"12":3,"13":2,"14":5,"15":37,"16":6,"17":7},"f":{"0":37,"1":6,"2":6,"3":7},"b":{"0":[2,0],"1":[37,3],"2":[6,31]},"meta":{"lastBranch":3,"lastFunction":4,"lastStatement":18,"seen":{"f:6:9:6:21":0,"s:8:24:8:Infinity":0,"s:9:30:9:Infinity":1,"s:12:24:12:Infinity":2,"s:13:32:13:Infinity":3,"s:16:8:16:Infinity":4,"s:19:16:19:Infinity":5,"s:22:23:42:Infinity":6,"f:22:23:22:30":1,"s:23:4:23:Infinity":7,"s:25:4:25:Infinity":8,"s:26:4:26:Infinity":9,"s:28:4:41:Infinity":10,"s:30:6:30:Infinity":11,"s:34:6:34:Infinity":12,"s:37:6:37:Infinity":13,"b:37:15:37:30:37:30:37:55":0,"s:40:6:40:Infinity":14,"s:44:2:100:Infinity":15,"f:57:24:57:25":2,"s:57:31:57:Infinity":16,"f:71:24:71:25":3,"s:71:31:71:Infinity":17,"b:79:11:79:Infinity:80:12:82:Infinity":1,"b:91:25:91:49:91:49:91:Infinity":2}}}
,"C:\\Users\\lauta\\OneDrive\\Escritorio\\metodologia-sistemas-2\\src\\frontend\\src\\pages\\RegisterPage.tsx": {"path":"C:\\Users\\lauta\\OneDrive\\Escritorio\\metodologia-sistemas-2\\src\\frontend\\src\\pages\\RegisterPage.tsx","statementMap":{"0":{"start":{"line":8,"column":26},"end":{"line":8,"column":null}},"1":{"start":{"line":9,"column":24},"end":{"line":9,"column":null}},"2":{"start":{"line":10,"column":30},"end":{"line":10,"column":null}},"3":{"start":{"line":11,"column":30},"end":{"line":11,"column":null}},"4":{"start":{"line":12,"column":44},"end":{"line":12,"column":null}},"5":{"start":{"line":13,"column":36},"end":{"line":13,"column":null}},"6":{"start":{"line":16,"column":24},"end":{"line":16,"column":null}},"7":{"start":{"line":17,"column":32},"end":{"line":17,"column":null}},"8":{"start":{"line":19,"column":8},"end":{"line":19,"column":null}},"9":{"start":{"line":20,"column":19},"end":{"line":20,"column":null}},"10":{"start":{"line":22,"column":23},"end":{"line":51,"column":null}},"11":{"start":{"line":23,"column":4},"end":{"line":23,"column":null}},"12":{"start":{"line":25,"column":4},"end":{"line":25,"column":null}},"13":{"start":{"line":28,"column":4},"end":{"line":31,"column":null}},"14":{"start":{"line":29,"column":6},"end":{"line":29,"column":null}},"15":{"start":{"line":30,"column":6},"end":{"line":30,"column":null}},"16":{"start":{"line":34,"column":4},"end":{"line":37,"column":null}},"17":{"start":{"line":35,"column":6},"end":{"line":35,"column":null}},"18":{"start":{"line":36,"column":6},"end":{"line":36,"column":null}},"19":{"start":{"line":39,"column":4},"end":{"line":39,"column":null}},"20":{"start":{"line":41,"column":4},"end":{"line":50,"column":null}},"21":{"start":{"line":42,"column":6},"end":{"line":42,"column":null}},"22":{"start":{"line":45,"column":6},"end":{"line":45,"column":null}},"23":{"start":{"line":47,"column":6},"end":{"line":47,"column":null}},"24":{"start":{"line":49,"column":6},"end":{"line":49,"column":null}},"25":{"start":{"line":53,"column":2},"end":{"line":165,"column":null}},"26":{"start":{"line":66,"column":31},"end":{"line":66,"column":null}},"27":{"start":{"line":80,"column":31},"end":{"line":80,"column":null}},"28":{"start":{"line":94,"column":31},"end":{"line":94,"column":null}},"29":{"start":{"line":107,"column":31},"end":{"line":107,"column":null}},"30":{"start":{"line":122,"column":31},"end":{"line":122,"column":null}},"31":{"start":{"line":136,"column":31},"end":{"line":136,"column":null}}},"fnMap":{"0":{"name":"RegisterPage","decl":{"start":{"line":6,"column":9},"end":{"line":6,"column":24}},"loc":{"start":{"line":6,"column":24},"end":{"line":167,"column":null}},"line":6},"1":{"name":"(anonymous_1)","decl":{"start":{"line":22,"column":23},"end":{"line":22,"column":30}},"loc":{"start":{"line":22,"column":53},"end":{"line":51,"column":null}},"line":22},"2":{"name":"(anonymous_2)","decl":{"start":{"line":66,"column":24},"end":{"line":66,"column":25}},"loc":{"start":{"line":66,"column":31},"end":{"line":66,"column":null}},"line":66},"3":{"name":"(anonymous_3)","decl":{"start":{"line":80,"column":24},"end":{"line":80,"column":25}},"loc":{"start":{"line":80,"column":31},"end":{"line":80,"column":null}},"line":80},"4":{"name":"(anonymous_4)","decl":{"start":{"line":94,"column":24},"end":{"line":94,"column":25}},"loc":{"start":{"line":94,"column":31},"end":{"line":94,"column":null}},"line":94},"5":{"name":"(anonymous_5)","decl":{"start":{"line":107,"column":24},"end":{"line":107,"column":25}},"loc":{"start":{"line":107,"column":31},"end":{"line":107,"column":null}},"line":107},"6":{"name":"(anonymous_6)","decl":{"start":{"line":122,"column":24},"end":{"line":122,"column":25}},"loc":{"start":{"line":122,"column":31},"end":{"line":122,"column":null}},"line":122},"7":{"name":"(anonymous_7)","decl":{"start":{"line":136,"column":24},"end":{"line":136,"column":25}},"loc":{"start":{"line":136,"column":31},"end":{"line":136,"column":null}},"line":136}},"branchMap":{"0":{"loc":{"start":{"line":28,"column":4},"end":{"line":31,"column":null}},"type":"if","locations":[{"start":{"line":28,"column":4},"end":{"line":31,"column":null}},{"start":{},"end":{}}],"line":28},"1":{"loc":{"start":{"line":34,"column":4},"end":{"line":37,"column":null}},"type":"if","locations":[{"start":{"line":34,"column":4},"end":{"line":37,"column":null}},{"start":{},"end":{}}],"line":34},"2":{"loc":{"start":{"line":47,"column":15},"end":{"line":47,"column":52}},"type":"binary-expr","locations":[{"start":{"line":47,"column":15},"end":{"line":47,"column":30}},{"start":{"line":47,"column":30},"end":{"line":47,"column":52}}],"line":47},"3":{"loc":{"start":{"line":144,"column":11},"end":{"line":147,"column":null}},"type":"binary-expr","locations":[{"start":{"line":144,"column":11},"end":{"line":144,"column":null}},{"start":{"line":145,"column":12},"end":{"line":147,"column":null}}],"line":144},"4":{"loc":{"start":{"line":156,"column":13},"end":{"line":156,"column":null}},"type":"cond-expr","locations":[{"start":{"line":156,"column":25},"end":{"line":156,"column":47}},{"start":{"line":156,"column":47},"end":{"line":156,"column":null}}],"line":156}},"s":{"0":9,"1":9,"2":9,"3":9,"4":9,"5":9,"6":9,"7":9,"8":9,"9":9,"10":9,"11":1,"12":1,"13":1,"14":0,"15":0,"16":1,"17":0,"18":0,"19":1,"20":1,"21":1,"22":1,"23":0,"24":1,"25":9,"26":1,"27":1,"28":1,"29":0,"30":1,"31":1},"f":{"0":9,"1":1,"2":1,"3":1,"4":1,"5":0,"6":1,"7":1},"b":{"0":[0,1],"1":[0,1],"2":[0,0],"3":[9,0],"4":[1,8]},"meta":{"lastBranch":5,"lastFunction":8,"lastStatement":32,"seen":{"f:6:9:6:24":0,"s:8:26:8:Infinity":0,"s:9:24:9:Infinity":1,"s:10:30:10:Infinity":2,"s:11:30:11:Infinity":3,"s:12:44:12:Infinity":4,"s:13:36:13:Infinity":5,"s:16:24:16:Infinity":6,"s:17:32:17:Infinity":7,"s:19:8:19:Infinity":8,"s:20:19:20:Infinity":9,"s:22:23:51:Infinity":10,"f:22:23:22:30":1,"s:23:4:23:Infinity":11,"s:25:4:25:Infinity":12,"b:28:4:31:Infinity:undefined:undefined:undefined:undefined":0,"s:28:4:31:Infinity":13,"s:29:6:29:Infinity":14,"s:30:6:30:Infinity":15,"b:34:4:37:Infinity:undefined:undefined:undefined:undefined":1,"s:34:4:37:Infinity":16,"s:35:6:35:Infinity":17,"s:36:6:36:Infinity":18,"s:39:4:39:Infinity":19,"s:41:4:50:Infinity":20,"s:42:6:42:Infinity":21,"s:45:6:45:Infinity":22,"s:47:6:47:Infinity":23,"b:47:15:47:30:47:30:47:52":2,"s:49:6:49:Infinity":24,"s:53:2:165:Infinity":25,"f:66:24:66:25":2,"s:66:31:66:Infinity":26,"f:80:24:80:25":3,"s:80:31:80:Infinity":27,"f:94:24:94:25":4,"s:94:31:94:Infinity":28,"f:107:24:107:25":5,"s:107:31:107:Infinity":29,"f:122:24:122:25":6,"s:122:31:122:Infinity":30,"f:136:24:136:25":7,"s:136:31:136:Infinity":31,"b:144:11:144:Infinity:145:12:147:Infinity":3,"b:156:25:156:47:156:47:156:Infinity":4}}}
,"C:\\Users\\lauta\\OneDrive\\Escritorio\\metodologia-sistemas-2\\src\\frontend\\src\\pages\\ReservarTurnoPage.tsx": {"path":"C:\\Users\\lauta\\OneDrive\\Escritorio\\metodologia-sistemas-2\\src\\frontend\\src\\pages\\ReservarTurnoPage.tsx","statementMap":{"0":{"start":{"line":25,"column":8},"end":{"line":25,"column":null}},"1":{"start":{"line":26,"column":15},"end":{"line":26,"column":null}},"2":{"start":{"line":29,"column":32},"end":{"line":29,"column":null}},"3":{"start":{"line":30,"column":52},"end":{"line":30,"column":null}},"4":{"start":{"line":31,"column":24},"end":{"line":31,"column":null}},"5":{"start":{"line":32,"column":32},"end":{"line":32,"column":null}},"6":{"start":{"line":35,"column":30},"end":{"line":35,"column":null}},"7":{"start":{"line":36,"column":32},"end":{"line":36,"column":null}},"8":{"start":{"line":37,"column":24},"end":{"line":37,"column":null}},"9":{"start":{"line":38,"column":44},"end":{"line":38,"column":null}},"10":{"start":{"line":41,"column":2},"end":{"line":55,"column":null}},"11":{"start":{"line":42,"column":27},"end":{"line":52,"column":null}},"12":{"start":{"line":43,"column":6},"end":{"line":51,"column":null}},"13":{"start":{"line":44,"column":25},"end":{"line":44,"column":null}},"14":{"start":{"line":45,"column":8},"end":{"line":45,"column":null}},"15":{"start":{"line":47,"column":8},"end":{"line":47,"column":null}},"16":{"start":{"line":48,"column":8},"end":{"line":48,"column":null}},"17":{"start":{"line":50,"column":8},"end":{"line":50,"column":null}},"18":{"start":{"line":54,"column":4},"end":{"line":54,"column":null}},"19":{"start":{"line":58,"column":23},"end":{"line":184,"column":null}},"20":{"start":{"line":59,"column":4},"end":{"line":59,"column":null}},"21":{"start":{"line":60,"column":4},"end":{"line":60,"column":null}},"22":{"start":{"line":61,"column":4},"end":{"line":61,"column":null}},"23":{"start":{"line":64,"column":4},"end":{"line":68,"column":null}},"24":{"start":{"line":65,"column":6},"end":{"line":65,"column":null}},"25":{"start":{"line":66,"column":6},"end":{"line":66,"column":null}},"26":{"start":{"line":67,"column":6},"end":{"line":67,"column":null}},"27":{"start":{"line":70,"column":4},"end":{"line":74,"column":null}},"28":{"start":{"line":71,"column":6},"end":{"line":71,"column":null}},"29":{"start":{"line":72,"column":6},"end":{"line":72,"column":null}},"30":{"start":{"line":73,"column":6},"end":{"line":73,"column":null}},"31":{"start":{"line":77,"column":30},"end":{"line":77,"column":null}},"32":{"start":{"line":78,"column":18},"end":{"line":78,"column":null}},"33":{"start":{"line":79,"column":4},"end":{"line":83,"column":null}},"34":{"start":{"line":80,"column":6},"end":{"line":80,"column":null}},"35":{"start":{"line":81,"column":6},"end":{"line":81,"column":null}},"36":{"start":{"line":82,"column":6},"end":{"line":82,"column":null}},"37":{"start":{"line":86,"column":22},"end":{"line":86,"column":null}},"38":{"start":{"line":87,"column":17},"end":{"line":87,"column":null}},"39":{"start":{"line":89,"column":4},"end":{"line":93,"column":null}},"40":{"start":{"line":90,"column":6},"end":{"line":90,"column":null}},"41":{"start":{"line":91,"column":6},"end":{"line":91,"column":null}},"42":{"start":{"line":92,"column":6},"end":{"line":92,"column":null}},"43":{"start":{"line":95,"column":4},"end":{"line":99,"column":null}},"44":{"start":{"line":96,"column":6},"end":{"line":96,"column":null}},"45":{"start":{"line":97,"column":6},"end":{"line":97,"column":null}},"46":{"start":{"line":98,"column":6},"end":{"line":98,"column":null}},"47":{"start":{"line":102,"column":4},"end":{"line":140,"column":null}},"48":{"start":{"line":103,"column":23},"end":{"line":103,"column":null}},"49":{"start":{"line":104,"column":26},"end":{"line":104,"column":null}},"50":{"start":{"line":107,"column":28},"end":{"line":109,"column":null}},"51":{"start":{"line":108,"column":35},"end":{"line":108,"column":null}},"52":{"start":{"line":112,"column":27},"end":{"line":130,"column":null}},"53":{"start":{"line":113,"column":27},"end":{"line":113,"column":null}},"54":{"start":{"line":114,"column":30},"end":{"line":114,"column":null}},"55":{"start":{"line":115,"column":25},"end":{"line":115,"column":null}},"56":{"start":{"line":118,"column":28},"end":{"line":118,"column":null}},"57":{"start":{"line":119,"column":8},"end":{"line":119,"column":null}},"58":{"start":{"line":119,"column":35},"end":{"line":119,"column":null}},"59":{"start":{"line":120,"column":8},"end":{"line":120,"column":null}},"60":{"start":{"line":120,"column":37},"end":{"line":120,"column":null}},"61":{"start":{"line":122,"column":25},"end":{"line":122,"column":null}},"62":{"start":{"line":125,"column":8},"end":{"line":128,"column":null}},"63":{"start":{"line":132,"column":6},"end":{"line":136,"column":null}},"64":{"start":{"line":133,"column":8},"end":{"line":133,"column":null}},"65":{"start":{"line":134,"column":8},"end":{"line":134,"column":null}},"66":{"start":{"line":135,"column":8},"end":{"line":135,"column":null}},"67":{"start":{"line":138,"column":6},"end":{"line":138,"column":null}},"68":{"start":{"line":143,"column":4},"end":{"line":147,"column":null}},"69":{"start":{"line":144,"column":6},"end":{"line":144,"column":null}},"70":{"start":{"line":145,"column":6},"end":{"line":145,"column":null}},"71":{"start":{"line":146,"column":6},"end":{"line":146,"column":null}},"72":{"start":{"line":149,"column":4},"end":{"line":183,"column":null}},"73":{"start":{"line":157,"column":10},"end":{"line":162,"column":null}},"74":{"start":{"line":165,"column":6},"end":{"line":167,"column":null}},"75":{"start":{"line":166,"column":8},"end":{"line":166,"column":null}},"76":{"start":{"line":170,"column":6},"end":{"line":170,"column":null}},"77":{"start":{"line":173,"column":6},"end":{"line":173,"column":null}},"78":{"start":{"line":174,"column":6},"end":{"line":174,"column":null}},"79":{"start":{"line":176,"column":6},"end":{"line":176,"column":null}},"80":{"start":{"line":177,"column":27},"end":{"line":179,"column":null}},"81":{"start":{"line":180,"column":6},"end":{"line":180,"column":null}},"82":{"start":{"line":182,"column":6},"end":{"line":182,"column":null}},"83":{"start":{"line":186,"column":2},"end":{"line":291,"column":null}},"84":{"start":{"line":201,"column":31},"end":{"line":201,"column":null}},"85":{"start":{"line":221,"column":33},"end":{"line":221,"column":null}},"86":{"start":{"line":227,"column":18},"end":{"line":229,"column":null}},"87":{"start":{"line":242,"column":31},"end":{"line":242,"column":null}},"88":{"start":{"line":257,"column":33},"end":{"line":257,"column":null}},"89":{"start":{"line":276,"column":29},"end":{"line":276,"column":null}}},"fnMap":{"0":{"name":"ReservarTurnoPage","decl":{"start":{"line":24,"column":9},"end":{"line":24,"column":29}},"loc":{"start":{"line":24,"column":29},"end":{"line":293,"column":null}},"line":24},"1":{"name":"(anonymous_1)","decl":{"start":{"line":41,"column":12},"end":{"line":41,"column":18}},"loc":{"start":{"line":41,"column":18},"end":{"line":55,"column":5}},"line":41},"2":{"name":"(anonymous_2)","decl":{"start":{"line":42,"column":27},"end":{"line":42,"column":39}},"loc":{"start":{"line":42,"column":39},"end":{"line":52,"column":null}},"line":42},"3":{"name":"(anonymous_3)","decl":{"start":{"line":58,"column":23},"end":{"line":58,"column":30}},"loc":{"start":{"line":58,"column":53},"end":{"line":184,"column":null}},"line":58},"4":{"name":"(anonymous_4)","decl":{"start":{"line":108,"column":8},"end":{"line":108,"column":9}},"loc":{"start":{"line":108,"column":35},"end":{"line":108,"column":null}},"line":108},"5":{"name":"(anonymous_5)","decl":{"start":{"line":112,"column":46},"end":{"line":112,"column":47}},"loc":{"start":{"line":112,"column":73},"end":{"line":130,"column":7}},"line":112},"6":{"name":"(anonymous_6)","decl":{"start":{"line":201,"column":24},"end":{"line":201,"column":25}},"loc":{"start":{"line":201,"column":31},"end":{"line":201,"column":null}},"line":201},"7":{"name":"(anonymous_7)","decl":{"start":{"line":221,"column":26},"end":{"line":221,"column":27}},"loc":{"start":{"line":221,"column":33},"end":{"line":221,"column":null}},"line":221},"8":{"name":"(anonymous_8)","decl":{"start":{"line":226,"column":30},"end":{"line":226,"column":31}},"loc":{"start":{"line":227,"column":18},"end":{"line":229,"column":null}},"line":227},"9":{"name":"(anonymous_9)","decl":{"start":{"line":242,"column":24},"end":{"line":242,"column":25}},"loc":{"start":{"line":242,"column":31},"end":{"line":242,"column":null}},"line":242},"10":{"name":"(anonymous_10)","decl":{"start":{"line":257,"column":26},"end":{"line":257,"column":27}},"loc":{"start":{"line":257,"column":33},"end":{"line":257,"column":null}},"line":257},"11":{"name":"(anonymous_11)","decl":{"start":{"line":276,"column":23},"end":{"line":276,"column":29}},"loc":{"start":{"line":276,"column":29},"end":{"line":276,"column":null}},"line":276}},"branchMap":{"0":{"loc":{"start":{"line":64,"column":4},"end":{"line":68,"column":null}},"type":"if","locations":[{"start":{"line":64,"column":4},"end":{"line":68,"column":null}},{"start":{},"end":{}}],"line":64},"1":{"loc":{"start":{"line":70,"column":4},"end":{"line":74,"column":null}},"type":"if","locations":[{"start":{"line":70,"column":4},"end":{"line":74,"column":null}},{"start":{},"end":{}}],"line":70},"2":{"loc":{"start":{"line":79,"column":4},"end":{"line":83,"column":null}},"type":"if","locations":[{"start":{"line":79,"column":4},"end":{"line":83,"column":null}},{"start":{},"end":{}}],"line":79},"3":{"loc":{"start":{"line":89,"column":4},"end":{"line":93,"column":null}},"type":"if","locations":[{"start":{"line":89,"column":4},"end":{"line":93,"column":null}},{"start":{},"end":{}}],"line":89},"4":{"loc":{"start":{"line":95,"column":4},"end":{"line":99,"column":null}},"type":"if","locations":[{"start":{"line":95,"column":4},"end":{"line":99,"column":null}},{"start":{},"end":{}}],"line":95},"5":{"loc":{"start":{"line":95,"column":8},"end":{"line":95,"column":32}},"type":"binary-expr","locations":[{"start":{"line":95,"column":8},"end":{"line":95,"column":20}},{"start":{"line":95,"column":20},"end":{"line":95,"column":32}}],"line":95},"6":{"loc":{"start":{"line":114,"column":30},"end":{"line":114,"column":null}},"type":"binary-expr","locations":[{"start":{"line":114,"column":30},"end":{"line":114,"column":48}},{"start":{"line":114,"column":48},"end":{"line":114,"column":null}}],"line":114},"7":{"loc":{"start":{"line":119,"column":8},"end":{"line":119,"column":null}},"type":"if","locations":[{"start":{"line":119,"column":8},"end":{"line":119,"column":null}},{"start":{},"end":{}}],"line":119},"8":{"loc":{"start":{"line":120,"column":8},"end":{"line":120,"column":null}},"type":"if","locations":[{"start":{"line":120,"column":8},"end":{"line":120,"column":null}},{"start":{},"end":{}}],"line":120},"9":{"loc":{"start":{"line":126,"column":11},"end":{"line":128,"column":null}},"type":"binary-expr","locations":[{"start":{"line":126,"column":11},"end":{"line":126,"column":46}},{"start":{"line":126,"column":46},"end":{"line":126,"column":null}},{"start":{"line":127,"column":11},"end":{"line":127,"column":36}},{"start":{"line":127,"column":36},"end":{"line":127,"column":null}},{"start":{"line":128,"column":11},"end":{"line":128,"column":46}},{"start":{"line":128,"column":46},"end":{"line":128,"column":null}}],"line":126},"10":{"loc":{"start":{"line":132,"column":6},"end":{"line":136,"column":null}},"type":"if","locations":[{"start":{"line":132,"column":6},"end":{"line":136,"column":null}},{"start":{},"end":{}}],"line":132},"11":{"loc":{"start":{"line":143,"column":4},"end":{"line":147,"column":null}},"type":"if","locations":[{"start":{"line":143,"column":4},"end":{"line":147,"column":null}},{"start":{},"end":{}}],"line":143},"12":{"loc":{"start":{"line":143,"column":4},"end":{"line":143,"column":82}},"type":"binary-expr","locations":[{"start":{"line":143,"column":9},"end":{"line":143,"column":35}},{"start":{"line":143,"column":35},"end":{"line":143,"column":63}},{"start":{"line":143,"column":63},"end":{"line":143,"column":82}}],"line":143},"13":{"loc":{"start":{"line":165,"column":6},"end":{"line":167,"column":null}},"type":"if","locations":[{"start":{"line":165,"column":6},"end":{"line":167,"column":null}},{"start":{},"end":{}}],"line":165},"14":{"loc":{"start":{"line":177,"column":27},"end":{"line":179,"column":null}},"type":"cond-expr","locations":[{"start":{"line":178,"column":11},"end":{"line":178,"column":null}},{"start":{"line":179,"column":10},"end":{"line":179,"column":null}}],"line":177},"15":{"loc":{"start":{"line":177,"column":27},"end":{"line":177,"column":null}},"type":"binary-expr","locations":[{"start":{"line":177,"column":27},"end":{"line":177,"column":51}},{"start":{"line":177,"column":51},"end":{"line":177,"column":null}}],"line":177},"16":{"loc":{"start":{"line":180,"column":15},"end":{"line":180,"column":59}},"type":"binary-expr","locations":[{"start":{"line":180,"column":15},"end":{"line":180,"column":31}},{"start":{"line":180,"column":31},"end":{"line":180,"column":59}}],"line":180},"17":{"loc":{"start":{"line":192,"column":9},"end":{"line":192,"column":null}},"type":"binary-expr","locations":[{"start":{"line":192,"column":9},"end":{"line":192,"column":18}},{"start":{"line":192,"column":18},"end":{"line":192,"column":null}}],"line":192},"18":{"loc":{"start":{"line":213,"column":13},"end":{"line":231,"column":null}},"type":"cond-expr","locations":[{"start":{"line":214,"column":14},"end":{"line":214,"column":null}},{"start":{"line":215,"column":16},"end":{"line":231,"column":null}}],"line":213},"19":{"loc":{"start":{"line":215,"column":16},"end":{"line":231,"column":null}},"type":"cond-expr","locations":[{"start":{"line":216,"column":14},"end":{"line":216,"column":null}},{"start":{"line":218,"column":14},"end":{"line":231,"column":null}}],"line":215},"20":{"loc":{"start":{"line":246,"column":10},"end":{"line":261,"column":null}},"type":"binary-expr","locations":[{"start":{"line":249,"column":12},"end":{"line":249,"column":38}},{"start":{"line":249,"column":38},"end":{"line":249,"column":null}},{"start":{"line":250,"column":12},"end":{"line":261,"column":null}}],"line":246},"21":{"loc":{"start":{"line":265,"column":11},"end":{"line":268,"column":null}},"type":"binary-expr","locations":[{"start":{"line":265,"column":11},"end":{"line":265,"column":null}},{"start":{"line":266,"column":12},"end":{"line":268,"column":null}}],"line":265},"22":{"loc":{"start":{"line":284,"column":24},"end":{"line":284,"column":null}},"type":"binary-expr","locations":[{"start":{"line":284,"column":24},"end":{"line":284,"column":37}},{"start":{"line":284,"column":37},"end":{"line":284,"column":null}}],"line":284},"23":{"loc":{"start":{"line":286,"column":15},"end":{"line":286,"column":null}},"type":"cond-expr","locations":[{"start":{"line":286,"column":27},"end":{"line":286,"column":45}},{"start":{"line":286,"column":45},"end":{"line":286,"column":null}}],"line":286}},"s":{"0":38,"1":38,"2":38,"3":38,"4":38,"5":38,"6":38,"7":38,"8":38,"9":38,"10":38,"11":10,"12":10,"13":10,"14":9,"15":1,"16":1,"17":10,"18":10,"19":38,"20":3,"21":3,"22":3,"23":3,"24":0,"25":0,"26":0,"27":3,"28":0,"29":0,"30":0,"31":3,"32":3,"33":3,"34":0,"35":0,"36":0,"37":3,"38":3,"39":3,"40":0,"41":0,"42":0,"43":3,"44":1,"45":1,"46":1,"47":2,"48":2,"49":2,"50":2,"51":2,"52":2,"53":0,"54":0,"55":0,"56":0,"57":0,"58":0,"59":0,"60":0,"61":0,"62":0,"63":2,"64":0,"65":0,"66":0,"67":0,"68":2,"69":0,"70":0,"71":0,"72":2,"73":2,"74":3,"75":0,"76":2,"77":1,"78":1,"79":1,"80":1,"81":1,"82":2,"83":38,"84":5,"85":4,"86":53,"87":4,"88":0,"89":1},"f":{"0":38,"1":10,"2":10,"3":3,"4":2,"5":0,"6":5,"7":4,"8":53,"9":4,"10":0,"11":1},"b":{"0":[0,3],"1":[0,3],"2":[0,3],"3":[0,3],"4":[1,2],"5":[3,2],"6":[0,0],"7":[0,0],"8":[0,0],"9":[0,0,0,0,0,0],"10":[0,2],"11":[0,2],"12":[2,2,0],"13":[0,3],"14":[0,1],"15":[1,1],"16":[1,0],"17":[38,3],"18":[10,28],"19":[1,27],"20":[38,14,27],"21":[38,11],"22":[38,36],"23":[2,36]},"meta":{"lastBranch":24,"lastFunction":12,"lastStatement":90,"seen":{"f:24:9:24:29":0,"s:25:8:25:Infinity":0,"s:26:15:26:Infinity":1,"s:29:32:29:Infinity":2,"s:30:52:30:Infinity":3,"s:31:24:31:Infinity":4,"s:32:32:32:Infinity":5,"s:35:30:35:Infinity":6,"s:36:32:36:Infinity":7,"s:37:24:37:Infinity":8,"s:38:44:38:Infinity":9,"s:41:2:55:Infinity":10,"f:41:12:41:18":1,"s:42:27:52:Infinity":11,"f:42:27:42:39":2,"s:43:6:51:Infinity":12,"s:44:25:44:Infinity":13,"s:45:8:45:Infinity":14,"s:47:8:47:Infinity":15,"s:48:8:48:Infinity":16,"s:50:8:50:Infinity":17,"s:54:4:54:Infinity":18,"s:58:23:184:Infinity":19,"f:58:23:58:30":3,"s:59:4:59:Infinity":20,"s:60:4:60:Infinity":21,"s:61:4:61:Infinity":22,"b:64:4:68:Infinity:undefined:undefined:undefined:undefined":0,"s:64:4:68:Infinity":23,"s:65:6:65:Infinity":24,"s:66:6:66:Infinity":25,"s:67:6:67:Infinity":26,"b:70:4:74:Infinity:undefined:undefined:undefined:undefined":1,"s:70:4:74:Infinity":27,"s:71:6:71:Infinity":28,"s:72:6:72:Infinity":29,"s:73:6:73:Infinity":30,"s:77:30:77:Infinity":31,"s:78:18:78:Infinity":32,"b:79:4:83:Infinity:undefined:undefined:undefined:undefined":2,"s:79:4:83:Infinity":33,"s:80:6:80:Infinity":34,"s:81:6:81:Infinity":35,"s:82:6:82:Infinity":36,"s:86:22:86:Infinity":37,"s:87:17:87:Infinity":38,"b:89:4:93:Infinity:undefined:undefined:undefined:undefined":3,"s:89:4:93:Infinity":39,"s:90:6:90:Infinity":40,"s:91:6:91:Infinity":41,"s:92:6:92:Infinity":42,"b:95:4:99:Infinity:undefined:undefined:undefined:undefined":4,"s:95:4:99:Infinity":43,"b:95:8:95:20:95:20:95:32":5,"s:96:6:96:Infinity":44,"s:97:6:97:Infinity":45,"s:98:6:98:Infinity":46,"s:102:4:140:Infinity":47,"s:103:23:103:Infinity":48,"s:104:26:104:Infinity":49,"s:107:28:109:Infinity":50,"f:108:8:108:9":4,"s:108:35:108:Infinity":51,"s:112:27:130:Infinity":52,"f:112:46:112:47":5,"s:113:27:113:Infinity":53,"s:114:30:114:Infinity":54,"b:114:30:114:48:114:48:114:Infinity":6,"s:115:25:115:Infinity":55,"s:118:28:118:Infinity":56,"b:119:8:119:Infinity:undefined:undefined:undefined:undefined":7,"s:119:8:119:Infinity":57,"s:119:35:119:Infinity":58,"b:120:8:120:Infinity:undefined:undefined:undefined:undefined":8,"s:120:8:120:Infinity":59,"s:120:37:120:Infinity":60,"s:122:25:122:Infinity":61,"s:125:8:128:Infinity":62,"b:126:11:126:46:126:46:126:Infinity:127:11:127:36:127:36:127:Infinity:128:11:128:46:128:46:128:Infinity":9,"b:132:6:136:Infinity:undefined:undefined:undefined:undefined":10,"s:132:6:136:Infinity":63,"s:133:8:133:Infinity":64,"s:134:8:134:Infinity":65,"s:135:8:135:Infinity":66,"s:138:6:138:Infinity":67,"b:143:4:147:Infinity:undefined:undefined:undefined:undefined":11,"s:143:4:147:Infinity":68,"b:143:9:143:35:143:35:143:63:143:63:143:82":12,"s:144:6:144:Infinity":69,"s:145:6:145:Infinity":70,"s:146:6:146:Infinity":71,"s:149:4:183:Infinity":72,"s:157:10:162:Infinity":73,"b:165:6:167:Infinity:undefined:undefined:undefined:undefined":13,"s:165:6:167:Infinity":74,"s:166:8:166:Infinity":75,"s:170:6:170:Infinity":76,"s:173:6:173:Infinity":77,"s:174:6:174:Infinity":78,"s:176:6:176:Infinity":79,"s:177:27:179:Infinity":80,"b:178:11:178:Infinity:179:10:179:Infinity":14,"b:177:27:177:51:177:51:177:Infinity":15,"s:180:6:180:Infinity":81,"b:180:15:180:31:180:31:180:59":16,"s:182:6:182:Infinity":82,"s:186:2:291:Infinity":83,"b:192:9:192:18:192:18:192:Infinity":17,"f:201:24:201:25":6,"s:201:31:201:Infinity":84,"b:214:14:214:Infinity:215:16:231:Infinity":18,"b:216:14:216:Infinity:218:14:231:Infinity":19,"f:221:26:221:27":7,"s:221:33:221:Infinity":85,"f:226:30:226:31":8,"s:227:18:229:Infinity":86,"f:242:24:242:25":9,"s:242:31:242:Infinity":87,"b:249:12:249:38:249:38:249:Infinity:250:12:261:Infinity":20,"f:257:26:257:27":10,"s:257:33:257:Infinity":88,"b:265:11:265:Infinity:266:12:268:Infinity":21,"f:276:23:276:29":11,"s:276:29:276:Infinity":89,"b:284:24:284:37:284:37:284:Infinity":22,"b:286:27:286:45:286:45:286:Infinity":23}}}
,"C:\\Users\\lauta\\OneDrive\\Escritorio\\metodologia-sistemas-2\\src\\frontend\\src\\pages\\css\\HomePage.css": {"path":"C:\\Users\\lauta\\OneDrive\\Escritorio\\metodologia-sistemas-2\\src\\frontend\\src\\pages\\css\\HomePage.css","statementMap":{},"fnMap":{},"branchMap":{},"s":{},"f":{},"b":{},"meta":{"lastBranch":0,"lastFunction":0,"lastStatement":0,"seen":{}}}
,"C:\\Users\\lauta\\OneDrive\\Escritorio\\metodologia-sistemas-2\\src\\frontend\\src\\pages\\css\\LoginPage.css": {"path":"C:\\Users\\lauta\\OneDrive\\Escritorio\\metodologia-sistemas-2\\src\\frontend\\src\\pages\\css\\LoginPage.css","statementMap":{},"fnMap":{},"branchMap":{},"s":{},"f":{},"b":{},"meta":{"lastBranch":0,"lastFunction":0,"lastStatement":0,"seen":{}}}
,"C:\\Users\\lauta\\OneDrive\\Escritorio\\metodologia-sistemas-2\\src\\frontend\\src\\pages\\css\\RegisterPage.css": {"path":"C:\\Users\\lauta\\OneDrive\\Escritorio\\metodologia-sistemas-2\\src\\frontend\\src\\pages\\css\\RegisterPage.css","statementMap":{},"fnMap":{},"branchMap":{},"s":{},"f":{},"b":{},"meta":{"lastBranch":0,"lastFunction":0,"lastStatement":0,"seen":{}}}
,"C:\\Users\\lauta\\OneDrive\\Escritorio\\metodologia-sistemas-2\\src\\frontend\\src\\pages\\css\\ReservarTurnoPage.css": {"path":"C:\\Users\\lauta\\OneDrive\\Escritorio\\metodologia-sistemas-2\\src\\frontend\\src\\pages\\css\\ReservarTurnoPage.css","statementMap":{},"fnMap":{},"branchMap":{},"s":{},"f":{},"b":{},"meta":{"lastBranch":0,"lastFunction":0,"lastStatement":0,"seen":{}}}
}
